<?xml version="1.0" encoding="UTF-8"?>
<testsuite xmlns:xsi="http://www.w3.org/2001/XMLSchema-instance" xsi:noNamespaceSchemaLocation="https://maven.apache.org/surefire/maven-surefire-plugin/xsd/surefire-test-report-3.0.xsd" version="3.0" name="ca.jrvs.apps.practice.LambdaStreamExcImpTest" time="0.249" tests="13" errors="0" skipped="0" failures="0">
  <properties>
[...]
</properties>
  <testcase name="testCreateIntStream" classname="ca.jrvs.apps.practice.LambdaStreamExcImpTest" time="0.089">
    <system-out><![CDATA[1
2
3
]]></system-out>
  </testcase>
  <testcase name="createIntStream" classname="ca.jrvs.apps.practice.LambdaStreamExcImpTest" time="0">
    <system-out><![CDATA[1
2
3
]]></system-out>
  </testcase>
  <testcase name="filter" classname="ca.jrvs.apps.practice.LambdaStreamExcImpTest" time="0.01"/>
  <testcase name="getOdd" classname="ca.jrvs.apps.practice.LambdaStreamExcImpTest" time="0.001">
    <system-out><![CDATA[1
3
]]></system-out>
  </testcase>
  <testcase name="printOdd" classname="ca.jrvs.apps.practice.LambdaStreamExcImpTest" time="0">
    <system-out><![CDATA[odd number:1!
odd number:3!
]]></system-out>
  </testcase>
  <testcase name="getLambdaPrinter" classname="ca.jrvs.apps.practice.LambdaStreamExcImpTest" time="0.001">
    <system-out><![CDATA[start>Message body<end
]]></system-out>
  </testcase>
  <testcase name="toList" classname="ca.jrvs.apps.practice.LambdaStreamExcImpTest" time="0">
    <system-out><![CDATA[[aBc, DeF, gHi]
]]></system-out>
  </testcase>
  <testcase name="printMessages" classname="ca.jrvs.apps.practice.LambdaStreamExcImpTest" time="0.013">
    <system-out><![CDATA[msg:a!
msg:b!
msg:c!
]]></system-out>
  </testcase>
  <testcase name="toUpperCase" classname="ca.jrvs.apps.practice.LambdaStreamExcImpTest" time="0">
    <system-out><![CDATA[ABC
DEF
GHI
]]></system-out>
  </testcase>
  <testcase name="squareRootIntStream" classname="ca.jrvs.apps.practice.LambdaStreamExcImpTest" time="0.001">
    <system-out><![CDATA[1.0
1.4142135623730951
1.7320508075688772
]]></system-out>
  </testcase>
  <testcase name="flatNestedInt" classname="ca.jrvs.apps.practice.LambdaStreamExcImpTest" time="0.016">
    <system-out><![CDATA[1
4
9
16
25
36
49
64
]]></system-out>
  </testcase>
  <testcase name="testToList" classname="ca.jrvs.apps.practice.LambdaStreamExcImpTest" time="0">
    <system-out><![CDATA[[1, 2, 3]
]]></system-out>
  </testcase>
  <testcase name="createStrStream" classname="ca.jrvs.apps.practice.LambdaStreamExcImpTest" time="0.005">
    <system-out><![CDATA[aBc
DeF
gHi
]]></system-out>
  </testcase>
</testsuite>