<?xml version="1.0" encoding="UTF-8"?>
<testsuite xmlns:xsi="http://www.w3.org/2001/XMLSchema-instance" xsi:noNamespaceSchemaLocation="https://maven.apache.org/surefire/maven-surefire-plugin/xsd/surefire-test-report.xsd" name="ca.jrvs.apps.twitter.dao.TwitterDaoV2IntTest" time="0.69" tests="3" errors="2" skipped="0" failures="0">
  <properties>
[...]
</properties>
  <testcase name="create" classname="ca.jrvs.apps.twitter.dao.TwitterDaoV2IntTest" time="0.476"/>
  <testcase name="findById" classname="ca.jrvs.apps.twitter.dao.TwitterDaoV2IntTest" time="0.038">
    <error message="Exception" type="java.lang.RuntimeException">java.lang.RuntimeException: Exception
	at ca.jrvs.apps.twitter.dao.TwitterDaoV2IntTest.findById(TwitterDaoV2IntTest.java:50)
Caused by: oauth.signpost.exception.OAuthExpectationFailedException: consumer key not set
	at ca.jrvs.apps.twitter.dao.TwitterDaoV2IntTest.findById(TwitterDaoV2IntTest.java:50)
</error>
  </testcase>
  <testcase name="deleteById" classname="ca.jrvs.apps.twitter.dao.TwitterDaoV2IntTest" time="0">
    <error message="Exception" type="java.lang.RuntimeException">java.lang.RuntimeException: Exception
	at ca.jrvs.apps.twitter.dao.TwitterDaoV2IntTest.deleteById(TwitterDaoV2IntTest.java:60)
Caused by: oauth.signpost.exception.OAuthExpectationFailedException: consumer key not set
	at ca.jrvs.apps.twitter.dao.TwitterDaoV2IntTest.deleteById(TwitterDaoV2IntTest.java:60)
</error>
  </testcase>
</testsuite>